0 info it worked if it ends with ok
1 verbose cli [ '/usr/local/bin/node', '/usr/local/bin/npm', 'run', 'build-js' ]
2 info using npm@3.7.5
3 info using node@v5.6.0
4 verbose run-script [ 'prebuild-js', 'build-js', 'postbuild-js' ]
5 info lifecycle @~prebuild-js: @
6 silly lifecycle @~prebuild-js: no script for prebuild-js, continuing
7 info lifecycle @~build-js: @
8 verbose lifecycle @~build-js: unsafe-perm in lifecycle true
9 verbose lifecycle @~build-js: PATH: /usr/local/lib/node_modules/npm/bin/node-gyp-bin:/home/marusiju/www/lte-capital/node_modules/.bin:/usr/local/bin:~/.composer/vendor/bin:/usr/local/sbin:/usr/local/bin:/usr/sbin:/usr/bin:/sbin:/bin:/usr/games:/usr/local/games
10 verbose lifecycle @~build-js: CWD: /home/marusiju/www/lte-capital
11 silly lifecycle @~build-js: Args: [ '-c',
11 silly lifecycle   'webpack --display-error-details --progress --colors --watch' ]
12 silly lifecycle @~build-js: Returned: code: 1  signal: null
13 info lifecycle @~build-js: Failed to exec build-js script
14 verbose stack Error: @ build-js: `webpack --display-error-details --progress --colors --watch`
14 verbose stack Exit status 1
14 verbose stack     at EventEmitter.<anonymous> (/usr/local/lib/node_modules/npm/lib/utils/lifecycle.js:239:16)
14 verbose stack     at emitTwo (events.js:100:13)
14 verbose stack     at EventEmitter.emit (events.js:185:7)
14 verbose stack     at ChildProcess.<anonymous> (/usr/local/lib/node_modules/npm/lib/utils/spawn.js:24:14)
14 verbose stack     at emitTwo (events.js:100:13)
14 verbose stack     at ChildProcess.emit (events.js:185:7)
14 verbose stack     at maybeClose (internal/child_process.js:827:16)
14 verbose stack     at Process.ChildProcess._handle.onexit (internal/child_process.js:211:5)
15 verbose pkgid @
16 verbose cwd /home/marusiju/www/lte-capital
17 error Linux 3.19.0-32-generic
18 error argv "/usr/local/bin/node" "/usr/local/bin/npm" "run" "build-js"
19 error node v5.6.0
20 error npm  v3.7.5
21 error code ELIFECYCLE
22 error @ build-js: `webpack --display-error-details --progress --colors --watch`
22 error Exit status 1
23 error Failed at the @ build-js script 'webpack --display-error-details --progress --colors --watch'.
23 error Make sure you have the latest version of node.js and npm installed.
23 error If you do, this is most likely a problem with the  package,
23 error not with npm itself.
23 error Tell the author that this fails on your system:
23 error     webpack --display-error-details --progress --colors --watch
23 error You can get information on how to open an issue for this project with:
23 error     npm bugs
23 error Or if that isn't available, you can get their info via:
23 error     npm owner ls
23 error There is likely additional logging output above.
24 verbose exit [ 1, true ]
